[debug] [2023-07-11T21:57:23.249Z] ----------------------------------------------------------------------
[debug] [2023-07-11T21:57:23.250Z] Command:       /usr/local/bin/node /usr/local/bin/firebase deploy
[debug] [2023-07-11T21:57:23.250Z] CLI Version:   12.3.0
[debug] [2023-07-11T21:57:23.250Z] Platform:      darwin
[debug] [2023-07-11T21:57:23.250Z] Node Version:  v16.14.2
[debug] [2023-07-11T21:57:23.251Z] Time:          Tue Jul 11 2023 17:57:23 GMT-0400 (Eastern Daylight Time)
[debug] [2023-07-11T21:57:23.251Z] ----------------------------------------------------------------------
[debug] 
[debug] [2023-07-11T21:57:23.281Z] > command requires scopes: ["email","openid","https://www.googleapis.com/auth/cloudplatformprojects.readonly","https://www.googleapis.com/auth/firebase","https://www.googleapis.com/auth/cloud-platform"]
[debug] [2023-07-11T21:57:23.281Z] > authorizing via signed-in user (freelance.project.virdicon@gmail.com)
[debug] [2023-07-11T21:57:23.281Z] [iam] checking project virdicon-web-app for permissions ["cloudfunctions.functions.create","cloudfunctions.functions.delete","cloudfunctions.functions.get","cloudfunctions.functions.list","cloudfunctions.functions.update","cloudfunctions.operations.get","datastore.indexes.create","datastore.indexes.delete","datastore.indexes.list","datastore.indexes.update","firebase.projects.get","firebasehosting.sites.update"]
[debug] [2023-07-11T21:57:23.282Z] >>> [apiv2][query] POST https://cloudresourcemanager.googleapis.com/v1/projects/virdicon-web-app:testIamPermissions [none]
[debug] [2023-07-11T21:57:23.282Z] >>> [apiv2][(partial)header] POST https://cloudresourcemanager.googleapis.com/v1/projects/virdicon-web-app:testIamPermissions x-goog-quota-user=projects/virdicon-web-app
[debug] [2023-07-11T21:57:23.282Z] >>> [apiv2][body] POST https://cloudresourcemanager.googleapis.com/v1/projects/virdicon-web-app:testIamPermissions {"permissions":["cloudfunctions.functions.create","cloudfunctions.functions.delete","cloudfunctions.functions.get","cloudfunctions.functions.list","cloudfunctions.functions.update","cloudfunctions.operations.get","datastore.indexes.create","datastore.indexes.delete","datastore.indexes.list","datastore.indexes.update","firebase.projects.get","firebasehosting.sites.update"]}
[debug] [2023-07-11T21:57:23.574Z] <<< [apiv2][status] POST https://cloudresourcemanager.googleapis.com/v1/projects/virdicon-web-app:testIamPermissions 200
[debug] [2023-07-11T21:57:23.574Z] <<< [apiv2][body] POST https://cloudresourcemanager.googleapis.com/v1/projects/virdicon-web-app:testIamPermissions {"permissions":["cloudfunctions.functions.create","cloudfunctions.functions.delete","cloudfunctions.functions.get","cloudfunctions.functions.list","cloudfunctions.functions.update","cloudfunctions.operations.get","datastore.indexes.create","datastore.indexes.delete","datastore.indexes.list","datastore.indexes.update","firebase.projects.get","firebasehosting.sites.update"]}
[debug] [2023-07-11T21:57:23.574Z] >>> [apiv2][query] POST https://iam.googleapis.com/v1/projects/virdicon-web-app/serviceAccounts/virdicon-web-app@appspot.gserviceaccount.com:testIamPermissions [none]
[debug] [2023-07-11T21:57:23.574Z] >>> [apiv2][body] POST https://iam.googleapis.com/v1/projects/virdicon-web-app/serviceAccounts/virdicon-web-app@appspot.gserviceaccount.com:testIamPermissions {"permissions":["iam.serviceAccounts.actAs"]}
[debug] [2023-07-11T21:57:24.188Z] <<< [apiv2][status] POST https://iam.googleapis.com/v1/projects/virdicon-web-app/serviceAccounts/virdicon-web-app@appspot.gserviceaccount.com:testIamPermissions 200
[debug] [2023-07-11T21:57:24.188Z] <<< [apiv2][body] POST https://iam.googleapis.com/v1/projects/virdicon-web-app/serviceAccounts/virdicon-web-app@appspot.gserviceaccount.com:testIamPermissions {"permissions":["iam.serviceAccounts.actAs"]}
[debug] [2023-07-11T21:57:24.190Z] >>> [apiv2][query] GET https://firebase.googleapis.com/v1beta1/projects/virdicon-web-app [none]
[debug] [2023-07-11T21:57:24.492Z] <<< [apiv2][status] GET https://firebase.googleapis.com/v1beta1/projects/virdicon-web-app 200
[debug] [2023-07-11T21:57:24.492Z] <<< [apiv2][body] GET https://firebase.googleapis.com/v1beta1/projects/virdicon-web-app {"projectId":"virdicon-web-app","projectNumber":"582203665967","displayName":"Virdicon-web-app","name":"projects/virdicon-web-app","resources":{"hostingSite":"virdicon-web-app"},"state":"ACTIVE","etag":"1_ed2c4d84-4bcd-42f5-a346-17f25aa858ce"}
[info] 
[info] === Deploying to 'virdicon-web-app'...
[info] 
[info] i  deploying firestore, functions, hosting 
[info] i  firestore: reading indexes from firestore.indexes.json... 
[info] i  cloud.firestore: checking firestore.rules for compilation errors... 
[debug] [2023-07-11T21:57:24.495Z] >>> [apiv2][query] POST https://firebaserules.googleapis.com/v1/projects/virdicon-web-app:test [none]
[debug] [2023-07-11T21:57:24.495Z] >>> [apiv2][body] POST https://firebaserules.googleapis.com/v1/projects/virdicon-web-app:test [omitted]
[debug] [2023-07-11T21:57:24.751Z] <<< [apiv2][status] POST https://firebaserules.googleapis.com/v1/projects/virdicon-web-app:test 200
[debug] [2023-07-11T21:57:24.751Z] <<< [apiv2][body] POST https://firebaserules.googleapis.com/v1/projects/virdicon-web-app:test {}
[info] ✔  cloud.firestore: rules file firestore.rules compiled successfully 
[debug] [2023-07-11T21:57:24.753Z] >>> [apiv2][query] GET https://firebase.googleapis.com/v1beta1/projects/virdicon-web-app [none]
[debug] [2023-07-11T21:57:25.113Z] <<< [apiv2][status] GET https://firebase.googleapis.com/v1beta1/projects/virdicon-web-app 200
[debug] [2023-07-11T21:57:25.113Z] <<< [apiv2][body] GET https://firebase.googleapis.com/v1beta1/projects/virdicon-web-app {"projectId":"virdicon-web-app","projectNumber":"582203665967","displayName":"Virdicon-web-app","name":"projects/virdicon-web-app","resources":{"hostingSite":"virdicon-web-app"},"state":"ACTIVE","etag":"1_ed2c4d84-4bcd-42f5-a346-17f25aa858ce"}
[info] i  functions: preparing codebase default for deployment 
[info] i  functions: ensuring required API cloudfunctions.googleapis.com is enabled... 
[info] i  functions: ensuring required API cloudbuild.googleapis.com is enabled... 
[info] i  artifactregistry: ensuring required API artifactregistry.googleapis.com is enabled... 
[debug] [2023-07-11T21:57:25.115Z] >>> [apiv2][query] GET https://serviceusage.googleapis.com/v1/projects/virdicon-web-app/services/cloudfunctions.googleapis.com [none]
[debug] [2023-07-11T21:57:25.115Z] >>> [apiv2][(partial)header] GET https://serviceusage.googleapis.com/v1/projects/virdicon-web-app/services/cloudfunctions.googleapis.com x-goog-quota-user=projects/virdicon-web-app
[debug] [2023-07-11T21:57:25.117Z] >>> [apiv2][query] GET https://serviceusage.googleapis.com/v1/projects/virdicon-web-app/services/runtimeconfig.googleapis.com [none]
[debug] [2023-07-11T21:57:25.117Z] >>> [apiv2][(partial)header] GET https://serviceusage.googleapis.com/v1/projects/virdicon-web-app/services/runtimeconfig.googleapis.com x-goog-quota-user=projects/virdicon-web-app
[debug] [2023-07-11T21:57:25.117Z] >>> [apiv2][query] GET https://serviceusage.googleapis.com/v1/projects/virdicon-web-app/services/cloudbuild.googleapis.com [none]
[debug] [2023-07-11T21:57:25.117Z] >>> [apiv2][(partial)header] GET https://serviceusage.googleapis.com/v1/projects/virdicon-web-app/services/cloudbuild.googleapis.com x-goog-quota-user=projects/virdicon-web-app
[debug] [2023-07-11T21:57:25.118Z] >>> [apiv2][query] GET https://serviceusage.googleapis.com/v1/projects/virdicon-web-app/services/artifactregistry.googleapis.com [none]
[debug] [2023-07-11T21:57:25.118Z] >>> [apiv2][(partial)header] GET https://serviceusage.googleapis.com/v1/projects/virdicon-web-app/services/artifactregistry.googleapis.com x-goog-quota-user=projects/virdicon-web-app
[debug] [2023-07-11T21:57:25.532Z] <<< [apiv2][status] GET https://serviceusage.googleapis.com/v1/projects/virdicon-web-app/services/artifactregistry.googleapis.com 200
[debug] [2023-07-11T21:57:25.532Z] <<< [apiv2][body] GET https://serviceusage.googleapis.com/v1/projects/virdicon-web-app/services/artifactregistry.googleapis.com [omitted]
[info] ✔  artifactregistry: required API artifactregistry.googleapis.com is enabled 
[debug] [2023-07-11T21:57:25.534Z] <<< [apiv2][status] GET https://serviceusage.googleapis.com/v1/projects/virdicon-web-app/services/cloudbuild.googleapis.com 200
[debug] [2023-07-11T21:57:25.534Z] <<< [apiv2][body] GET https://serviceusage.googleapis.com/v1/projects/virdicon-web-app/services/cloudbuild.googleapis.com [omitted]
[info] ✔  functions: required API cloudbuild.googleapis.com is enabled 
[debug] [2023-07-11T21:57:25.535Z] <<< [apiv2][status] GET https://serviceusage.googleapis.com/v1/projects/virdicon-web-app/services/cloudfunctions.googleapis.com 200
[debug] [2023-07-11T21:57:25.536Z] <<< [apiv2][body] GET https://serviceusage.googleapis.com/v1/projects/virdicon-web-app/services/cloudfunctions.googleapis.com [omitted]
[info] ✔  functions: required API cloudfunctions.googleapis.com is enabled 
[debug] [2023-07-11T21:57:25.536Z] <<< [apiv2][status] GET https://serviceusage.googleapis.com/v1/projects/virdicon-web-app/services/runtimeconfig.googleapis.com 200
[debug] [2023-07-11T21:57:25.536Z] <<< [apiv2][body] GET https://serviceusage.googleapis.com/v1/projects/virdicon-web-app/services/runtimeconfig.googleapis.com [omitted]
[debug] [2023-07-11T21:57:25.537Z] >>> [apiv2][query] GET https://firebase.googleapis.com/v1beta1/projects/virdicon-web-app/adminSdkConfig [none]
[debug] [2023-07-11T21:57:25.810Z] <<< [apiv2][status] GET https://firebase.googleapis.com/v1beta1/projects/virdicon-web-app/adminSdkConfig 200
[debug] [2023-07-11T21:57:25.811Z] <<< [apiv2][body] GET https://firebase.googleapis.com/v1beta1/projects/virdicon-web-app/adminSdkConfig {"projectId":"virdicon-web-app","storageBucket":"virdicon-web-app.appspot.com"}
[debug] [2023-07-11T21:57:25.812Z] >>> [apiv2][query] GET https://runtimeconfig.googleapis.com/v1beta1/projects/virdicon-web-app/configs [none]
[debug] [2023-07-11T21:57:26.124Z] <<< [apiv2][status] GET https://runtimeconfig.googleapis.com/v1beta1/projects/virdicon-web-app/configs 200
[debug] [2023-07-11T21:57:26.124Z] <<< [apiv2][body] GET https://runtimeconfig.googleapis.com/v1beta1/projects/virdicon-web-app/configs {}
[debug] [2023-07-11T21:57:26.129Z] Validating nodejs source
[debug] [2023-07-11T21:57:26.498Z] > [functions] package.json contents: {
  "name": "functions",
  "scripts": {
    "lint": "eslint --ext .js,.ts .",
    "build": "tsc --skipLibCheck",
    "build:watch": "tsc --watch",
    "serve": "npm run build && firebase emulators:start --only functions",
    "shell": "npm run build && firebase functions:shell",
    "start": "npm run shell",
    "deploy": "firebase deploy --only functions",
    "logs": "firebase functions:log"
  },
  "engines": {
    "node": "18"
  },
  "main": "lib/index.js",
  "dependencies": {
    "firebase-admin": "^11.8.0",
    "firebase-functions": "^4.3.1",
    "twilio": "^4.11.2"
  },
  "devDependencies": {
    "@typescript-eslint/eslint-plugin": "^5.12.0",
    "@typescript-eslint/parser": "^5.12.0",
    "eslint": "^8.9.0",
    "eslint-config-google": "^0.14.0",
    "eslint-plugin-import": "^2.25.4",
    "firebase-functions-test": "^3.1.0",
    "typescript": "^4.9.0"
  },
  "private": true
}
[debug] [2023-07-11T21:57:26.499Z] Building nodejs source
[debug] [2023-07-11T21:57:26.499Z] Could not find functions.yaml. Must use http discovery
[debug] [2023-07-11T21:57:26.505Z] Found firebase-functions binary at '/Users/jagtarsinghmatharu/Desktop/Myprojects/VirdiconTypescript/virdicon/functions/node_modules/.bin/firebase-functions'
